<?xml version="1.0" encoding="UTF-8"?>
<!-- Generated by org.testng.reporters.JUnitReportReporter -->
<testsuite hostname="Mol10" name="com.masteringselenium.BasicTestWD" tests="4" failures="0" timestamp="28 Jan 2017 20:06:47 GMT" time="34.234" errors="0">
  <testcase name="googleMilkExample" time="7.503" classname="com.masteringselenium.BasicTestWD"/>
  <testcase name="googleCheeseExample" time="10.465" classname="com.masteringselenium.BasicTestWD"/>
  <testcase name="googleWineExample" time="6.898" classname="com.masteringselenium.BasicTestWD"/>
  <testcase name="googleCupExample" time="9.368" classname="com.masteringselenium.BasicTestWD"/>
</testsuite> <!-- com.masteringselenium.BasicTestWD -->
